<?xml version="1.0" encoding="UTF-8" standalone="yes"?>
<testsuites time="42.645" tests="1" failures="0" errors="1">
    <testsuite name="GraphWalker" tests="1" failures="0" errors="1" time="42.645" timestamp="2022-02-26T22:30:03">
        <properties>
            <property name="awt.toolkit" value="sun.awt.windows.WToolkit"/>
            <property name="classworlds.conf" value="D:\tools\IntelliJ IDEA 2021.3\plugins\maven\lib\maven3\bin\m2.conf"/>
            <property name="env.=::" value="::\"/>
            <property name="env.ALLUSERSPROFILE" value="C:\ProgramData"/>
            <property name="env.ANDROID_HOME" value="D:\tools\Android\android-sdk-windows"/>
            <property name="env.APPDATA" value="C:\Users\lijiayu07\AppData\Roaming"/>
            <property name="env.ASL.LOG" value="Destination=file"/>
            <property name="env.CHOCOLATEYINSTALL" value="C:\ProgramData\chocolatey"/>
            <property name="env.CHOCOLATEYLASTPATHUPDATE" value="132896386763721164"/>
            <property name="env.CLASSPATH" value=".;C:\Users\lijiayu07\.jdks\corretto-1.8.0_322\lib;C:\Users\lijiayu07\.jdks\corretto-1.8.0_322\lib\tools.jar"/>
            <property name="env.COMMONPROGRAMFILES" value="C:\Program Files\Common Files"/>
            <property name="env.COMMONPROGRAMFILES(X86)" value="C:\Program Files (x86)\Common Files"/>
            <property name="env.COMMONPROGRAMW6432" value="C:\Program Files\Common Files"/>
            <property name="env.COMPUTERNAME" value="AOE000000335358"/>
            <property name="env.COMSPEC" value="C:\windows\system32\cmd.exe"/>
            <property name="env.DRIVERDATA" value="C:\Windows\System32\Drivers\DriverData"/>
            <property name="env.FPS_BROWSER_APP_PROFILE_STRING" value="Internet Explorer"/>
            <property name="env.FPS_BROWSER_USER_PROFILE_STRING" value="Default"/>
            <property name="env.HOMEDRIVE" value="C:"/>
            <property name="env.HOMEPATH" value="\Users\lijiayu07"/>
            <property name="env.IDEA_INITIAL_DIRECTORY" value="D:\tools\IntelliJ IDEA 2021.3\bin"/>
            <property name="env.JAVA_HOME" value="C:\Users\lijiayu07\.jdks\corretto-1.8.0_322"/>
            <property name="env.LOCALAPPDATA" value="C:\Users\lijiayu07\AppData\Local"/>
            <property name="env.LOGONSERVER" value="\\BC-AD-DC03"/>
            <property name="env.MAVEN_HOME" value="D:\tools\apache-maven-3.8.4"/>
            <property name="env.NODE_PATH" value="D:\tools\nodejs\node_global\node_modules"/>
            <property name="env.NUMBER_OF_PROCESSORS" value="8"/>
            <property name="env.ONEDRIVE" value="C:\Users\lijiayu07\OneDrive"/>
            <property name="env.ONEDRIVECONSUMER" value="C:\Users\lijiayu07\OneDrive"/>
            <property name="env.OS" value="Windows_NT"/>
            <property name="env.PATH" value="C:\Python310\Scripts\;C:\Python310\;C:\windows\system32;C:\windows;C:\windows\System32\Wbem;C:\windows\System32\WindowsPowerShell\v1.0\;C:\windows\System32\OpenSSH\;D:\tools\Git\cmd;D:\tools\Android\android-sdk-windows\tools;D:\tools\Android\android-sdk-windows\platform-tools;D:\tools\apache-maven-3.8.4\bin;D:\tools\nodejs\;C:\ProgramData\chocolatey\bin;C:\Users\lijiayu07\.jdks\corretto-1.8.0_322\bin;C:\Users\lijiayu07\.jdks\corretto-1.8.0_322\jre\bin;;C:\Program Files\Docker\Docker\resources\bin;C:\ProgramData\DockerDesktop\version-bin;C:\Users\lijiayu07\AppData\Local\Programs\Python\Python39\Scripts\;C:\Users\lijiayu07\AppData\Local\Programs\Python\Python39\;C:\Users\lijiayu07\AppData\Local\Microsoft\WindowsApps;C:\Users\lijiayu07\AppData\Local\Programs\Fiddler;D:\tools\PyC\PyCharm Community Edition 2021.3.2\bin;;C:\Users\lijiayu07\AppData\Roaming\npm;D:\tools\nodejs\node_global;"/>
            <property name="env.PATHEXT" value=".COM;.EXE;.BAT;.CMD;.VBS;.VBE;.JS;.JSE;.WSF;.WSH;.MSC;.PY;.PYW"/>
            <property name="env.PROCESSOR_ARCHITECTURE" value="AMD64"/>
            <property name="env.PROCESSOR_IDENTIFIER" value="Intel64 Family 6 Model 142 Stepping 12, GenuineIntel"/>
            <property name="env.PROCESSOR_LEVEL" value="6"/>
            <property name="env.PROCESSOR_REVISION" value="8e0c"/>
            <property name="env.PROGRAMDATA" value="C:\ProgramData"/>
            <property name="env.PROGRAMFILES" value="C:\Program Files"/>
            <property name="env.PROGRAMFILES(X86)" value="C:\Program Files (x86)"/>
            <property name="env.PROGRAMW6432" value="C:\Program Files"/>
            <property name="env.PSMODULEPATH" value="C:\Program Files\WindowsPowerShell\Modules;C:\windows\system32\WindowsPowerShell\v1.0\Modules"/>
            <property name="env.PUBLIC" value="C:\Users\Public"/>
            <property name="env.PYCHARM COMMUNITY EDITION" value="D:\tools\PyC\PyCharm Community Edition 2021.3.2\bin;"/>
            <property name="env.SESSIONNAME" value="Console"/>
            <property name="env.SYSTEMDRIVE" value="C:"/>
            <property name="env.SYSTEMROOT" value="C:\windows"/>
            <property name="env.TEMP" value="C:\Users\LIJIAY~1\AppData\Local\Temp"/>
            <property name="env.TMP" value="C:\Users\LIJIAY~1\AppData\Local\Temp"/>
            <property name="env.USERDNSDOMAIN" value="INTERNAL.BAIDU.COM"/>
            <property name="env.USERDOMAIN" value="INTERNAL"/>
            <property name="env.USERDOMAIN_ROAMINGPROFILE" value="INTERNAL"/>
            <property name="env.USERNAME" value="lijiayu07"/>
            <property name="env.USERPROFILE" value="C:\Users\lijiayu07"/>
            <property name="env.VBOX_MSI_INSTALL_PATH" value="D:\tools\VirtualBox\"/>
            <property name="env.WINDIR" value="C:\windows"/>
            <property name="file.encoding" value="UTF-8"/>
            <property name="file.encoding.pkg" value="sun.io"/>
            <property name="file.separator" value="\"/>
            <property name="idea.version" value="2021.3"/>
            <property name="java.awt.graphicsenv" value="sun.awt.Win32GraphicsEnvironment"/>
            <property name="java.awt.printerjob" value="sun.awt.windows.WPrinterJob"/>
            <property name="java.class.path" value="D:\tools\IntelliJ IDEA 2021.3\plugins\maven\lib\maven3\boot\plexus-classworlds-2.6.0.jar;D:\tools\IntelliJ IDEA 2021.3\plugins\maven\lib\maven3\boot\plexus-classworlds.license;D:\tools\IntelliJ IDEA 2021.3\lib\idea_rt.jar"/>
            <property name="java.class.version" value="52.0"/>
            <property name="java.endorsed.dirs" value="C:\Users\lijiayu07\.jdks\corretto-1.8.0_322\jre\lib\endorsed"/>
            <property name="java.ext.dirs" value="C:\Users\lijiayu07\.jdks\corretto-1.8.0_322\jre\lib\ext;C:\windows\Sun\Java\lib\ext"/>
            <property name="java.home" value="C:\Users\lijiayu07\.jdks\corretto-1.8.0_322\jre"/>
            <property name="java.io.tmpdir" value="C:\Users\LIJIAY~1\AppData\Local\Temp\"/>
            <property name="java.library.path" value="C:\Users\lijiayu07\.jdks\corretto-1.8.0_322\bin;C:\windows\Sun\Java\bin;C:\windows\system32;C:\windows;C:\Python310\Scripts\;C:\Python310\;C:\windows\system32;C:\windows;C:\windows\System32\Wbem;C:\windows\System32\WindowsPowerShell\v1.0\;C:\windows\System32\OpenSSH\;D:\tools\Git\cmd;D:\tools\Android\android-sdk-windows\tools;D:\tools\Android\android-sdk-windows\platform-tools;D:\tools\apache-maven-3.8.4\bin;D:\tools\nodejs\;C:\ProgramData\chocolatey\bin;C:\Users\lijiayu07\.jdks\corretto-1.8.0_322\bin;C:\Users\lijiayu07\.jdks\corretto-1.8.0_322\jre\bin;;C:\Program Files\Docker\Docker\resources\bin;C:\ProgramData\DockerDesktop\version-bin;C:\Users\lijiayu07\AppData\Local\Programs\Python\Python39\Scripts\;C:\Users\lijiayu07\AppData\Local\Programs\Python\Python39\;C:\Users\lijiayu07\AppData\Local\Microsoft\WindowsApps;C:\Users\lijiayu07\AppData\Local\Programs\Fiddler;D:\tools\PyC\PyCharm Community Edition 2021.3.2\bin;;C:\Users\lijiayu07\AppData\Roaming\npm;D:\tools\nodejs\node_global;;."/>
            <property name="java.runtime.name" value="OpenJDK Runtime Environment"/>
            <property name="java.runtime.version" value="1.8.0_322-b06"/>
            <property name="java.specification.name" value="Java Platform API Specification"/>
            <property name="java.specification.vendor" value="Oracle Corporation"/>
            <property name="java.specification.version" value="1.8"/>
            <property name="java.vendor" value="Amazon.com Inc."/>
            <property name="java.vendor.url" value="https://aws.amazon.com/corretto/"/>
            <property name="java.vendor.url.bug" value="https://github.com/corretto/corretto-8/issues/"/>
            <property name="java.version" value="1.8.0_322"/>
            <property name="java.vm.info" value="mixed mode"/>
            <property name="java.vm.name" value="OpenJDK 64-Bit Server VM"/>
            <property name="java.vm.specification.name" value="Java Virtual Machine Specification"/>
            <property name="java.vm.specification.vendor" value="Oracle Corporation"/>
            <property name="java.vm.specification.version" value="1.8"/>
            <property name="java.vm.vendor" value="Amazon.com Inc."/>
            <property name="java.vm.version" value="25.322-b06"/>
            <property name="line.separator" value="&#13;&#10;"/>
            <property name="maven.build.version" value="Apache Maven 3.8.1 (05c21c65bdfed0f71a2f2ada8b84da59348c4c5d)"/>
            <property name="maven.conf" value="D:\tools\IntelliJ IDEA 2021.3\plugins\maven\lib\maven3/conf"/>
            <property name="maven.ext.class.path" value="D:\tools\IntelliJ IDEA 2021.3\plugins\maven\lib\maven-event-listener.jar"/>
            <property name="maven.home" value="D:\tools\IntelliJ IDEA 2021.3\plugins\maven\lib\maven3"/>
            <property name="maven.multiModuleProjectDirectory" value="D:\2021.7.7 李佳宇\work_spac\MBT-case generation&amp;test automation"/>
            <property name="maven.version" value="3.8.1"/>
            <property name="os.arch" value="amd64"/>
            <property name="os.name" value="Windows 10"/>
            <property name="os.version" value="10.0"/>
            <property name="path.separator" value=";"/>
            <property name="sun.arch.data.model" value="64"/>
            <property name="sun.boot.class.path" value="C:\Users\lijiayu07\.jdks\corretto-1.8.0_322\jre\lib\resources.jar;C:\Users\lijiayu07\.jdks\corretto-1.8.0_322\jre\lib\rt.jar;C:\Users\lijiayu07\.jdks\corretto-1.8.0_322\jre\lib\sunrsasign.jar;C:\Users\lijiayu07\.jdks\corretto-1.8.0_322\jre\lib\jsse.jar;C:\Users\lijiayu07\.jdks\corretto-1.8.0_322\jre\lib\jce.jar;C:\Users\lijiayu07\.jdks\corretto-1.8.0_322\jre\lib\charsets.jar;C:\Users\lijiayu07\.jdks\corretto-1.8.0_322\jre\lib\jfr.jar;C:\Users\lijiayu07\.jdks\corretto-1.8.0_322\jre\classes"/>
            <property name="sun.boot.library.path" value="C:\Users\lijiayu07\.jdks\corretto-1.8.0_322\jre\bin"/>
            <property name="sun.cpu.endian" value="little"/>
            <property name="sun.cpu.isalist" value="amd64"/>
            <property name="sun.desktop" value="windows"/>
            <property name="sun.io.unicode.encoding" value="UnicodeLittle"/>
            <property name="sun.java.command" value="org.codehaus.classworlds.Launcher -Didea.version=2021.3 org.graphwalker:graphwalker-maven-plugin:4.3.0:test"/>
            <property name="sun.java.launcher" value="SUN_STANDARD"/>
            <property name="sun.jnu.encoding" value="GBK"/>
            <property name="sun.management.compiler" value="HotSpot 64-Bit Tiered Compilers"/>
            <property name="sun.os.patch.level" value=""/>
            <property name="user.country" value="CN"/>
            <property name="user.dir" value="D:\2021.7.7 李佳宇\work_spac\MBT-case generation&amp;test automation"/>
            <property name="user.home" value="C:\Users\lijiayu07"/>
            <property name="user.language" value="zh"/>
            <property name="user.name" value="lijiayu07"/>
            <property name="user.script" value=""/>
            <property name="user.timezone" value=""/>
            <property name="user.variant" value=""/>
        </properties>
        <testcase name="automation" time="42.645" classname="automation">
            <error type="java.lang.reflect.InvocationTargetException">
                java.lang.reflect.InvocationTargetException&#13;
                	at sun.reflect.NativeMethodAccessorImpl.invoke0(Native Method)&#13;
                	at sun.reflect.NativeMethodAccessorImpl.invoke(NativeMethodAccessorImpl.java:62)&#13;
                	at sun.reflect.DelegatingMethodAccessorImpl.invoke(DelegatingMethodAccessorImpl.java:43)&#13;
                	at java.lang.reflect.Method.invoke(Method.java:498)&#13;
                	at org.graphwalker.core.machine.ExecutionContext.execute(ExecutionContext.java:257)&#13;
                	at org.graphwalker.core.machine.SimpleMachine.execute(SimpleMachine.java:282)&#13;
                	at org.graphwalker.core.machine.SimpleMachine.getNextStep(SimpleMachine.java:105)&#13;
                	at org.graphwalker.java.test.TestExecutor.execute(TestExecutor.java:249)&#13;
                	at sun.reflect.NativeMethodAccessorImpl.invoke0(Native Method)&#13;
                	at sun.reflect.NativeMethodAccessorImpl.invoke(NativeMethodAccessorImpl.java:62)&#13;
                	at sun.reflect.DelegatingMethodAccessorImpl.invoke(DelegatingMethodAccessorImpl.java:43)&#13;
                	at java.lang.reflect.Method.invoke(Method.java:498)&#13;
                	at org.graphwalker.java.test.Reflections.invoke(Reflections.java:73)&#13;
                	at org.graphwalker.java.test.Reflector.execute(Reflector.java:123)&#13;
                	at org.graphwalker.maven.plugin.TestMojo.execute(TestMojo.java:161)&#13;
                	at org.apache.maven.plugin.DefaultBuildPluginManager.executeMojo(DefaultBuildPluginManager.java:137)&#13;
                	at org.apache.maven.lifecycle.internal.MojoExecutor.execute(MojoExecutor.java:210)&#13;
                	at org.apache.maven.lifecycle.internal.MojoExecutor.execute(MojoExecutor.java:156)&#13;
                	at org.apache.maven.lifecycle.internal.MojoExecutor.execute(MojoExecutor.java:148)&#13;
                	at org.apache.maven.lifecycle.internal.LifecycleModuleBuilder.buildProject(LifecycleModuleBuilder.java:117)&#13;
                	at org.apache.maven.lifecycle.internal.LifecycleModuleBuilder.buildProject(LifecycleModuleBuilder.java:81)&#13;
                	at org.apache.maven.lifecycle.internal.builder.singlethreaded.SingleThreadedBuilder.build(SingleThreadedBuilder.java:56)&#13;
                	at org.apache.maven.lifecycle.internal.LifecycleStarter.execute(LifecycleStarter.java:128)&#13;
                	at org.apache.maven.DefaultMaven.doExecute(DefaultMaven.java:305)&#13;
                	at org.apache.maven.DefaultMaven.doExecute(DefaultMaven.java:192)&#13;
                	at org.apache.maven.DefaultMaven.execute(DefaultMaven.java:105)&#13;
                	at org.apache.maven.cli.MavenCli.execute(MavenCli.java:957)&#13;
                	at org.apache.maven.cli.MavenCli.doMain(MavenCli.java:289)&#13;
                	at org.apache.maven.cli.MavenCli.main(MavenCli.java:193)&#13;
                	at sun.reflect.NativeMethodAccessorImpl.invoke0(Native Method)&#13;
                	at sun.reflect.NativeMethodAccessorImpl.invoke(NativeMethodAccessorImpl.java:62)&#13;
                	at sun.reflect.DelegatingMethodAccessorImpl.invoke(DelegatingMethodAccessorImpl.java:43)&#13;
                	at java.lang.reflect.Method.invoke(Method.java:498)&#13;
                	at org.codehaus.plexus.classworlds.launcher.Launcher.launchEnhanced(Launcher.java:282)&#13;
                	at org.codehaus.plexus.classworlds.launcher.Launcher.launch(Launcher.java:225)&#13;
                	at org.codehaus.plexus.classworlds.launcher.Launcher.mainWithExitCode(Launcher.java:406)&#13;
                	at org.codehaus.plexus.classworlds.launcher.Launcher.main(Launcher.java:347)&#13;
                	at org.codehaus.classworlds.Launcher.main(Launcher.java:47)&#13;
                Caused by: org.openqa.selenium.InvalidSelectorException: Locator Strategy 'link text' is not supported for this session
                For documentation on this error, please visit: https://www.seleniumhq.org/exceptions/invalid_selector_exception.html
                Build info: version: '3.141.59', revision: 'e82be7d358', time: '2018-11-14T08:17:03'
                System info: host: 'AOE000000335358', ip: '192.168.3.102', os.name: 'Windows 10', os.arch: 'amd64', os.version: '10.0', java.version: '1.8.0_322'
                Driver info: io.appium.java_client.android.AndroidDriver
                Capabilities {appActivity: .tblauncher.MainTabActivity, appPackage: com.baidu.tieba, databaseEnabled: false, desired: {appActivity: .tblauncher.MainTabActivity, appPackage: com.baidu.tieba, deviceName: TPG5T18328000501, platformName: android}, deviceApiLevel: 28, deviceManufacturer: HUAWEI, deviceModel: HWI-AL00, deviceName: TPG5T18328000501, deviceScreenDensity: 480, deviceScreenSize: 1080x2160, deviceUDID: TPG5T18328000501, javascriptEnabled: true, locationContextEnabled: false, networkConnectionEnabled: true, pixelRatio: 3, platform: LINUX, platformName: android, platformVersion: 9, statBarHeight: 72, takesScreenshot: true, viewportRect: {height: 2088, left: 0, top: 72, width: 1080}, warnings: {}, webStorageEnabled: false}
                Session ID: cd83f48f-be50-4929-9a58-9119035637ed
                *** Element info: {Using=link text, value=关注}&#13;
                	at sun.reflect.NativeConstructorAccessorImpl.newInstance0(Native Method)&#13;
                	at sun.reflect.NativeConstructorAccessorImpl.newInstance(NativeConstructorAccessorImpl.java:62)&#13;
                	at sun.reflect.DelegatingConstructorAccessorImpl.newInstance(DelegatingConstructorAccessorImpl.java:45)&#13;
                	at java.lang.reflect.Constructor.newInstance(Constructor.java:423)&#13;
                	at org.openqa.selenium.remote.http.W3CHttpResponseCodec.createException(W3CHttpResponseCodec.java:187)&#13;
                	at org.openqa.selenium.remote.http.W3CHttpResponseCodec.decode(W3CHttpResponseCodec.java:122)&#13;
                	at org.openqa.selenium.remote.http.W3CHttpResponseCodec.decode(W3CHttpResponseCodec.java:49)&#13;
                	at org.openqa.selenium.remote.HttpCommandExecutor.execute(HttpCommandExecutor.java:158)&#13;
                	at io.appium.java_client.remote.AppiumCommandExecutor.execute(AppiumCommandExecutor.java:239)&#13;
                	at org.openqa.selenium.remote.RemoteWebDriver.execute(RemoteWebDriver.java:552)&#13;
                	at io.appium.java_client.DefaultGenericMobileDriver.execute(DefaultGenericMobileDriver.java:41)&#13;
                	at io.appium.java_client.AppiumDriver.execute(AppiumDriver.java:1)&#13;
                	at io.appium.java_client.android.AndroidDriver.execute(AndroidDriver.java:1)&#13;
                	at org.openqa.selenium.remote.RemoteWebDriver.findElement(RemoteWebDriver.java:323)&#13;
                	at io.appium.java_client.DefaultGenericMobileDriver.findElement(DefaultGenericMobileDriver.java:61)&#13;
                	at io.appium.java_client.AppiumDriver.findElement(AppiumDriver.java:1)&#13;
                	at io.appium.java_client.android.AndroidDriver.findElement(AndroidDriver.java:1)&#13;
                	at org.openqa.selenium.remote.RemoteWebDriver.findElementByLinkText(RemoteWebDriver.java:380)&#13;
                	at io.appium.java_client.DefaultGenericMobileDriver.findElementByLinkText(DefaultGenericMobileDriver.java:78)&#13;
                	at io.appium.java_client.AppiumDriver.findElementByLinkText(AppiumDriver.java:1)&#13;
                	at io.appium.java_client.android.AndroidDriver.findElementByLinkText(AndroidDriver.java:1)&#13;
                	at automation.v_otherTab(automation.java:413)&#13;
                	... 38 more&#13;
</error>
        </testcase>
    </testsuite>
</testsuites>
